生成启动时间为 2015/9/18 11:29:55。
     1>项目“E:\MSDev98\MyProjects\ParkPathProblem\ParkPathProblem.vcxproj”在节点 2 上(Build 个目标)。
     1>ClCompile:
         D:\Visual Studio\VC\bin\CL.exe /c /ZI /nologo /W3 /WX- /Od /Oy- /D WIN32 /D _DEBUG /D _WINDOWS /D _VC80_UPGRADE=0x0600 /D _MBCS /D _AFXDLL /Gm /EHsc /RTC1 /MDd /GS /Gy- /fp:precise /Zc:wchar_t /Zc:forScope /Yu"stdafx.h" /Fp".\Debug\ParkPathProblem.pch" /Fo".\Debug\\" /Fd".\Debug\vc120.pdb" /Gd /TP /analyze- /errorReport:prompt ParkPathProblemDlg.cpp
         ParkPathProblemDlg.cpp
     1>e:\msdev98\myprojects\parkpathproblem\parkpathproblemdlg.cpp(294): warning C4018: “<”: 有符号/无符号不匹配
     1>e:\msdev98\myprojects\parkpathproblem\parkpathproblemdlg.cpp(297): warning C4018: “<”: 有符号/无符号不匹配
     1>e:\msdev98\myprojects\parkpathproblem\parkpathproblemdlg.cpp(310): warning C4018: “<”: 有符号/无符号不匹配
     1>e:\msdev98\myprojects\parkpathproblem\parkpathproblemdlg.cpp(311): warning C4018: “<”: 有符号/无符号不匹配
     1>e:\msdev98\myprojects\parkpathproblem\parkpathproblemdlg.cpp(383): warning C4018: “<”: 有符号/无符号不匹配
     1>e:\msdev98\myprojects\parkpathproblem\parkpathproblemdlg.cpp(395): warning C4018: “<”: 有符号/无符号不匹配
     1>e:\msdev98\myprojects\parkpathproblem\parkpathproblemdlg.cpp(398): warning C4018: “<”: 有符号/无符号不匹配
     1>e:\msdev98\myprojects\parkpathproblem\parkpathproblemdlg.cpp(407): warning C4018: “<”: 有符号/无符号不匹配
       Link:
         D:\Visual Studio\VC\bin\link.exe /ERRORREPORT:PROMPT /OUT:".\Debug\ParkPathProblem.exe" /INCREMENTAL /NOLOGO /MANIFEST /MANIFESTUAC:"level='asInvoker' uiAccess='false'" /manifest:embed /manifestinput:"D:\Visual Studio\VC\Include\Manifest\dpiaware.manifest" /DEBUG /PDB:".\Debug\ParkPathProblem.pdb" /SUBSYSTEM:WINDOWS /TLBID:1 /DYNAMICBASE /NXCOMPAT /IMPLIB:".\Debug\ParkPathProblem.lib" /MACHINE:X86 /SAFESEH .\Debug\ParkPathProblem.res
         .\Debug\AddSight.obj
         .\Debug\AddSightPath.obj
         .\Debug\ParkPathProblem.obj
         .\Debug\ParkPathProblemDlg.obj
         .\Debug\StdAfx.obj
         ParkPathProblem.vcxproj -> E:\MSDev98\MyProjects\ParkPathProblem\.\Debug\ParkPathProblem.exe
     1>已完成生成项目“E:\MSDev98\MyProjects\ParkPathProblem\ParkPathProblem.vcxproj”(Build 个目标)的操作。

生成成功。

已用时间 00:00:01.63
